<?xml version="1.0" encoding="UTF-8"?>
<!-- Generated by org.testng.reporters.JUnitXMLReporter -->
<testsuite hostname="LAPTOP-8JIPCVPD" ignored="0" tests="4" failures="0" timestamp="24 Sep 2018 19:34:01 GMT" time="46.404" errors="0">
  <testcase name="testMozilla" time="27.68" classname="WebTest"/>
  <testcase name="testEclipse" time="0.215" classname="WebTest"/>
  <testcase name="testApache" time="0.218" classname="WebTest"/>
  <testcase name="testMIT" time="0.225" classname="WebTest"/>
</testsuite>
