<?xml version="1.0" encoding="UTF-8"?>
<testng-results skipped="0" failed="0" ignored="0" total="1" passed="1">
  <reporter-output>
  </reporter-output>
  <suite name="WebTest" duration-ms="31127" started-at="2018-09-26T18:24:40Z" finished-at="2018-09-26T18:25:11Z">
    <groups>
    </groups>
    <test name="Command line test" duration-ms="31127" started-at="2018-09-26T18:24:40Z" finished-at="2018-09-26T18:25:11Z">
      <class name="WebTest">
        <test-method status="PASS" signature="driverSetUp()[pri:0, instance:WebTest@3fb6a447]" name="driverSetUp" is-config="true" duration-ms="23641" started-at="2018-09-26T18:24:40Z" finished-at="2018-09-26T18:25:03Z">
          <reporter-output>
          </reporter-output>
        </test-method> <!-- driverSetUp -->
        <test-method status="PASS" signature="testMozilla()[pri:0, instance:WebTest@3fb6a447]" name="testMozilla" duration-ms="6486" started-at="2018-09-26T18:25:03Z" finished-at="2018-09-26T18:25:10Z">
          <reporter-output>
          </reporter-output>
        </test-method> <!-- testMozilla -->
        <test-method status="PASS" signature="driverClose()[pri:0, instance:WebTest@3fb6a447]" name="driverClose" is-config="true" duration-ms="971" started-at="2018-09-26T18:25:10Z" finished-at="2018-09-26T18:25:11Z">
          <reporter-output>
          </reporter-output>
        </test-method> <!-- driverClose -->
      </class> <!-- WebTest -->
    </test> <!-- Command line test -->
  </suite> <!-- WebTest -->
</testng-results>
